<?xml version="1.0" encoding="UTF-8"?>
<testng-results ignored="4" total="7" passed="3" failed="0" skipped="0">
  <reporter-output>
  </reporter-output>
  <suite started-at="2025-05-07T13:22:52 IST" name="Suite" finished-at="2025-05-07T13:23:36 IST" duration-ms="43619">
    <groups>
      <group name="SmokeTest">
        <method signature="AdminSupplierModule.adminSupplierModule()[pri:0, instance:smokeTestCase.AdminSupplierModule@436813f3]" name="adminSupplierModule" class="smokeTestCase.AdminSupplierModule"/>
      </group> <!-- SmokeTest -->
      <group name="smokeTest">
        <method signature="AdminLogin.loginAsAdmin()[pri:0, instance:smokeTestCase.AdminLogin@1189dd52]" name="loginAsAdmin" class="smokeTestCase.AdminLogin"/>
        <method signature="UserPurchaseProduct.userPurchase()[pri:0, instance:smokeTestCase.UserPurchaseProduct@74fe5c40]" name="userPurchase" class="smokeTestCase.UserPurchaseProduct"/>
      </group> <!-- smokeTest -->
    </groups>
    <test started-at="2025-05-07T13:22:52 IST" name="Test" finished-at="2025-05-07T13:23:36 IST" duration-ms="43619">
      <class name="smokeTestCase.UserPurchaseProduct">
        <test-method is-config="true" signature="configBeforeClass(java.lang.String)[pri:0, instance:smokeTestCase.UserPurchaseProduct@74fe5c40]" started-at="2025-05-07T13:23:19 IST" name="configBeforeClass" finished-at="2025-05-07T13:23:20 IST" duration-ms="896" status="PASS">
          <params>
            <param index="0">
              <value>
                <![CDATA[chrome]]>
              </value>
            </param>
          </params>
          <reporter-output>
          </reporter-output>
        </test-method> <!-- configBeforeClass -->
        <test-method is-config="true" signature="configBeforeMethod()[pri:0, instance:smokeTestCase.UserPurchaseProduct@74fe5c40]" started-at="2025-05-07T13:23:20 IST" name="configBeforeMethod" finished-at="2025-05-07T13:23:20 IST" duration-ms="261" status="PASS">
          <reporter-output>
          </reporter-output>
        </test-method> <!-- configBeforeMethod -->
        <test-method signature="userPurchase()[pri:0, instance:smokeTestCase.UserPurchaseProduct@74fe5c40]" started-at="2025-05-07T13:23:20 IST" name="userPurchase" finished-at="2025-05-07T13:23:36 IST" duration-ms="15590" status="PASS">
          <reporter-output>
          </reporter-output>
        </test-method> <!-- userPurchase -->
        <test-method is-config="true" signature="configAfterClass()[pri:0, instance:smokeTestCase.UserPurchaseProduct@74fe5c40]" started-at="2025-05-07T13:23:36 IST" name="configAfterClass" finished-at="2025-05-07T13:23:36 IST" duration-ms="127" status="PASS">
          <reporter-output>
          </reporter-output>
        </test-method> <!-- configAfterClass -->
        <test-method is-config="true" signature="configAfterMethod()[pri:0, instance:smokeTestCase.UserPurchaseProduct@74fe5c40]" started-at="2025-05-07T13:23:36 IST" name="configAfterMethod" finished-at="2025-05-07T13:23:36 IST" duration-ms="0" status="PASS">
          <reporter-output>
          </reporter-output>
        </test-method> <!-- configAfterMethod -->
      </class> <!-- smokeTestCase.UserPurchaseProduct -->
      <class name="smokeTestCase.AdminLogin">
        <test-method is-config="true" signature="configBeforeSuite()[pri:0, instance:smokeTestCase.AdminLogin@1189dd52]" started-at="2025-05-07T13:22:52 IST" name="configBeforeSuite" finished-at="2025-05-07T13:22:52 IST" duration-ms="318" status="PASS">
          <reporter-output>
          </reporter-output>
        </test-method> <!-- configBeforeSuite -->
        <test-method is-config="true" signature="configBeforeClass(java.lang.String)[pri:0, instance:smokeTestCase.AdminLogin@1189dd52]" started-at="2025-05-07T13:22:52 IST" name="configBeforeClass" finished-at="2025-05-07T13:22:53 IST" duration-ms="1143" status="PASS">
          <params>
            <param index="0">
              <value>
                <![CDATA[chrome]]>
              </value>
            </param>
          </params>
          <reporter-output>
          </reporter-output>
        </test-method> <!-- configBeforeClass -->
        <test-method is-config="true" signature="configBeforeMethod()[pri:0, instance:smokeTestCase.AdminLogin@1189dd52]" started-at="2025-05-07T13:22:53 IST" name="configBeforeMethod" finished-at="2025-05-07T13:22:54 IST" duration-ms="307" status="PASS">
          <reporter-output>
          </reporter-output>
        </test-method> <!-- configBeforeMethod -->
        <test-method signature="loginAsAdmin()[pri:0, instance:smokeTestCase.AdminLogin@1189dd52]" started-at="2025-05-07T13:22:54 IST" name="loginAsAdmin" finished-at="2025-05-07T13:23:05 IST" duration-ms="11677" status="PASS">
          <reporter-output>
          </reporter-output>
        </test-method> <!-- loginAsAdmin -->
        <test-method is-config="true" signature="configAfterClass()[pri:0, instance:smokeTestCase.AdminLogin@1189dd52]" started-at="2025-05-07T13:23:05 IST" name="configAfterClass" finished-at="2025-05-07T13:23:06 IST" duration-ms="149" status="PASS">
          <reporter-output>
          </reporter-output>
        </test-method> <!-- configAfterClass -->
        <test-method is-config="true" signature="configAfterMethod()[pri:0, instance:smokeTestCase.AdminLogin@1189dd52]" started-at="2025-05-07T13:23:05 IST" name="configAfterMethod" finished-at="2025-05-07T13:23:05 IST" duration-ms="0" status="PASS">
          <reporter-output>
          </reporter-output>
        </test-method> <!-- configAfterMethod -->
        <test-method is-config="true" signature="configAfterSuite()[pri:0, instance:smokeTestCase.AdminLogin@1189dd52]" started-at="2025-05-07T13:23:36 IST" name="configAfterSuite" finished-at="2025-05-07T13:23:36 IST" duration-ms="0" status="PASS">
          <reporter-output>
          </reporter-output>
        </test-method> <!-- configAfterSuite -->
      </class> <!-- smokeTestCase.AdminLogin -->
      <class name="smokeTestCase.AdminSupplierModule">
        <test-method is-config="true" signature="configBeforeClass(java.lang.String)[pri:0, instance:smokeTestCase.AdminSupplierModule@436813f3]" started-at="2025-05-07T13:23:06 IST" name="configBeforeClass" finished-at="2025-05-07T13:23:06 IST" duration-ms="853" status="PASS">
          <params>
            <param index="0">
              <value>
                <![CDATA[chrome]]>
              </value>
            </param>
          </params>
          <reporter-output>
          </reporter-output>
        </test-method> <!-- configBeforeClass -->
        <test-method is-config="true" signature="configBeforeMethod()[pri:0, instance:smokeTestCase.AdminSupplierModule@436813f3]" started-at="2025-05-07T13:23:06 IST" name="configBeforeMethod" finished-at="2025-05-07T13:23:07 IST" duration-ms="244" status="PASS">
          <reporter-output>
          </reporter-output>
        </test-method> <!-- configBeforeMethod -->
        <test-method signature="adminSupplierModule()[pri:0, instance:smokeTestCase.AdminSupplierModule@436813f3]" started-at="2025-05-07T13:23:07 IST" name="adminSupplierModule" finished-at="2025-05-07T13:23:19 IST" duration-ms="12210" status="PASS">
          <reporter-output>
          </reporter-output>
        </test-method> <!-- adminSupplierModule -->
        <test-method is-config="true" signature="configAfterClass()[pri:0, instance:smokeTestCase.AdminSupplierModule@436813f3]" started-at="2025-05-07T13:23:19 IST" name="configAfterClass" finished-at="2025-05-07T13:23:19 IST" duration-ms="135" status="PASS">
          <reporter-output>
          </reporter-output>
        </test-method> <!-- configAfterClass -->
        <test-method is-config="true" signature="configAfterMethod()[pri:0, instance:smokeTestCase.AdminSupplierModule@436813f3]" started-at="2025-05-07T13:23:19 IST" name="configAfterMethod" finished-at="2025-05-07T13:23:19 IST" duration-ms="0" status="PASS">
          <reporter-output>
          </reporter-output>
        </test-method> <!-- configAfterMethod -->
      </class> <!-- smokeTestCase.AdminSupplierModule -->
    </test> <!-- Test -->
  </suite> <!-- Suite -->
</testng-results>
