<?xml version="1.0" encoding="UTF-8"?>
<!-- Generated by org.testng.reporters.JUnitXMLReporter -->
<testsuite ignored="4" hostname="LAPTOP-QLTQ10AV" failures="0" tests="3" name="Test" time="43.619" errors="0" timestamp="2025-05-07T13:23:36 IST">
  <testcase classname="smokeTestCase.AdminLogin" name="loginAsAdmin" time="11.677"/>
  <testcase classname="smokeTestCase.AdminSupplierModule" name="adminSupplierModule" time="12.21"/>
  <testcase classname="smokeTestCase.UserPurchaseProduct" name="userPurchase" time="15.59"/>
  <testcase classname="baseClassUtility.BaseClass" name="@BeforeSuite configBeforeSuite" time="0.0">
    <ignored/>
  </testcase> <!-- @BeforeSuite configBeforeSuite -->
  <testcase classname="baseClassUtility.BaseClass" name="@BeforeSuite configBeforeSuite" time="0.0">
    <ignored/>
  </testcase> <!-- @BeforeSuite configBeforeSuite -->
  <testcase classname="baseClassUtility.BaseClass" name="@AfterSuite configAfterSuite" time="0.0">
    <ignored/>
  </testcase> <!-- @AfterSuite configAfterSuite -->
  <testcase classname="baseClassUtility.BaseClass" name="@AfterSuite configAfterSuite" time="0.0">
    <ignored/>
  </testcase> <!-- @AfterSuite configAfterSuite -->
</testsuite> <!-- Test -->
